  Actor.cpp
C:\Code\Zombies\Zombies\Level.h(23,23): warning C4267: 'return': conversion from 'size_t' to 'int', possible loss of data
C:\Code\Zombies\Zombies\Level.h(24,24): warning C4267: 'return': conversion from 'size_t' to 'int', possible loss of data
C:\Code\Zombies\Zombies\Actor.cpp(44,31): warning C4244: 'argument': conversion from 'T' to 'const unsigned __int64', possible loss of data
          with
          [
              T=float
          ]
C:\Code\Zombies\Zombies\Actor.cpp(44,50): warning C4244: 'argument': conversion from 'T' to 'const unsigned __int64', possible loss of data
          with
          [
              T=float
          ]
C:\Code\Zombies\Zombies\Actor.cpp(51,31): warning C4244: 'argument': conversion from 'T' to 'const unsigned __int64', possible loss of data
          with
          [
              T=float
          ]
C:\Code\Zombies\Zombies\Actor.cpp(51,50): warning C4244: 'argument': conversion from 'T' to 'const unsigned __int64', possible loss of data
          with
          [
              T=float
          ]
C:\Code\Zombies\Zombies\Actor.cpp(58,31): warning C4244: 'argument': conversion from 'T' to 'const unsigned __int64', possible loss of data
          with
          [
              T=float
          ]
C:\Code\Zombies\Zombies\Actor.cpp(58,50): warning C4244: 'argument': conversion from 'T' to 'const unsigned __int64', possible loss of data
          with
          [
              T=float
          ]
C:\Code\Zombies\Zombies\Actor.cpp(65,31): warning C4244: 'argument': conversion from 'T' to 'const unsigned __int64', possible loss of data
          with
          [
              T=float
          ]
C:\Code\Zombies\Zombies\Actor.cpp(65,50): warning C4244: 'argument': conversion from 'T' to 'const unsigned __int64', possible loss of data
          with
          [
              T=float
          ]
C:\Code\Zombies\Zombies\Actor.cpp(209,24): warning C4244: 'argument': conversion from 'time_t' to 'unsigned int', possible loss of data
C:\Code\Zombies\Zombies\Actor.cpp(280,39): warning C4244: 'argument': conversion from 'time_t' to 'unsigned int', possible loss of data
C:\Code\Zombies\Zombies\Actor.cpp(309,39): warning C4244: 'argument': conversion from 'time_t' to 'unsigned int', possible loss of data
  Bullet.cpp
C:\Code\Zombies\Zombies\Bullet.cpp(42,31): warning C4244: 'argument': conversion from 'T' to 'const unsigned __int64', possible loss of data
          with
          [
              T=float
          ]
C:\Code\Zombies\Zombies\Bullet.cpp(42,50): warning C4244: 'argument': conversion from 'T' to 'const unsigned __int64', possible loss of data
          with
          [
              T=float
          ]
C:\Code\Zombies\Zombies\Bullet.cpp(48,31): warning C4244: 'argument': conversion from 'T' to 'const unsigned __int64', possible loss of data
          with
          [
              T=float
          ]
C:\Code\Zombies\Zombies\Bullet.cpp(48,50): warning C4244: 'argument': conversion from 'T' to 'const unsigned __int64', possible loss of data
          with
          [
              T=float
          ]
C:\Code\Zombies\Zombies\Bullet.cpp(54,31): warning C4244: 'argument': conversion from 'T' to 'const unsigned __int64', possible loss of data
          with
          [
              T=float
          ]
C:\Code\Zombies\Zombies\Bullet.cpp(54,50): warning C4244: 'argument': conversion from 'T' to 'const unsigned __int64', possible loss of data
          with
          [
              T=float
          ]
C:\Code\Zombies\Zombies\Bullet.cpp(60,31): warning C4244: 'argument': conversion from 'T' to 'const unsigned __int64', possible loss of data
          with
          [
              T=float
          ]
C:\Code\Zombies\Zombies\Bullet.cpp(60,50): warning C4244: 'argument': conversion from 'T' to 'const unsigned __int64', possible loss of data
          with
          [
              T=float
          ]
  Gun.cpp
C:\Code\Zombies\Zombies\Gun.cpp(14,16): warning C4244: '=': conversion from 'int' to 'float', possible loss of data
C:\Code\Zombies\Zombies\Gun.cpp(34,39): warning C4244: 'argument': conversion from 'time_t' to 'unsigned int', possible loss of data
  Level.cpp
C:\Code\Zombies\Zombies\Level.h(23,23): warning C4267: 'return': conversion from 'size_t' to 'int', possible loss of data
C:\Code\Zombies\Zombies\Level.h(24,24): warning C4267: 'return': conversion from 'size_t' to 'int', possible loss of data
  main.cpp
C:\Code\Zombies\Zombies\Level.h(23,23): warning C4267: 'return': conversion from 'size_t' to 'int', possible loss of data
C:\Code\Zombies\Zombies\Level.h(24,24): warning C4267: 'return': conversion from 'size_t' to 'int', possible loss of data
  MainGame.cpp
C:\Code\Zombies\Zombies\Level.h(23,23): warning C4267: 'return': conversion from 'size_t' to 'int', possible loss of data
C:\Code\Zombies\Zombies\Level.h(24,24): warning C4267: 'return': conversion from 'size_t' to 'int', possible loss of data
C:\Code\Zombies\Zombies\MainGame.cpp(110,32): warning C4244: 'argument': conversion from 'time_t' to 'unsigned int', possible loss of data
C:\Code\Zombies\Zombies\MainGame.cpp(149,21): warning C4244: 'initializing': conversion from 'Uint32' to 'float', possible loss of data
C:\Code\Zombies\Zombies\MainGame.cpp(154,18): warning C4244: 'initializing': conversion from 'Uint32' to 'float', possible loss of data
C:\Code\Zombies\Zombies\MainGame.cpp(197,15): warning C4477: 'printf' : format string '%d' requires an argument of type 'int', but variadic argument 3 has type 'unsigned __int64'
C:\Code\Zombies\Zombies\MainGame.cpp(197,15): message : consider using '%zd' in the format string
C:\Code\Zombies\Zombies\MainGame.cpp(235,18): warning C4477: 'printf' : format string '%d' requires an argument of type 'int', but variadic argument 3 has type 'unsigned __int64'
C:\Code\Zombies\Zombies\MainGame.cpp(235,18): message : consider using '%zd' in the format string
C:\Code\Zombies\Zombies\MainGame.cpp(303,55): warning C4244: 'argument': conversion from 'Sint32' to 'float', possible loss of data
C:\Code\Zombies\Zombies\MainGame.cpp(303,42): warning C4244: 'argument': conversion from 'Sint32' to 'float', possible loss of data
C:\Code\Zombies\Zombies\MainGame.cpp(428,37): warning C4244: 'argument': conversion from 'time_t' to 'unsigned int', possible loss of data
C:\Code\Zombies\Zombies\MainGame.cpp(429,71): warning C4305: 'argument': truncation from 'double' to '_Ty'
          with
          [
              _Ty=float
          ]
  Generating Code...
C:\Code\Zombies\Zombies\Bullet.cpp(87): warning C4715: 'Bullet::collideWithTile': not all control paths return a value
Actor.obj : error LNK2019: unresolved external symbol "public: void __cdecl JCEngine::SpriteBatch::draw(struct glm::vec<4,float,0> const &,struct glm::vec<4,float,0> const &,unsigned int,float,struct JCEngine::ColorRGBA8 const &,struct glm::vec<2,float,0>)" (?draw@SpriteBatch@JCEngine@@QEAAXAEBU?$vec@$03M$0A@@glm@@0IMAEBUColorRGBA8@2@U?$vec@$01M$0A@@4@@Z) referenced in function "public: void __cdecl Actor::draw(class JCEngine::SpriteBatch &)" (?draw@Actor@@QEAAXAEAVSpriteBatch@JCEngine@@@Z)
Actor.obj : error LNK2019: unresolved external symbol "public: bool __cdecl JCEngine::InputManager::isKeyDown(unsigned int)" (?isKeyDown@InputManager@JCEngine@@QEAA_NI@Z) referenced in function "public: void __cdecl Player::updateGun(class JCEngine::InputManager *,class std::vector<class Bullet *,class std::allocator<class Bullet *> > &,float)" (?updateGun@Player@@QEAAXPEAVInputManager@JCEngine@@AEAV?$vector@PEAVBullet@@V?$allocator@PEAVBullet@@@std@@@std@@M@Z)
MainGame.obj : error LNK2001: unresolved external symbol "public: bool __cdecl JCEngine::InputManager::isKeyDown(unsigned int)" (?isKeyDown@InputManager@JCEngine@@QEAA_NI@Z)
Actor.obj : error LNK2019: unresolved external symbol "public: struct glm::vec<2,float,0> __cdecl JCEngine::Camera2D::ConvertScreenToWorld(struct glm::vec<2,float,0>)" (?ConvertScreenToWorld@Camera2D@JCEngine@@QEAA?AU?$vec@$01M$0A@@glm@@U34@@Z) referenced in function "public: void __cdecl Player::setDirectionFacing(class JCEngine::InputManager *)" (?setDirectionFacing@Player@@QEAAXPEAVInputManager@JCEngine@@@Z)
Actor.obj : error LNK2019: unresolved external symbol "public: static struct JCEngine::GLTexture __cdecl JCEngine::ResourceManager::getTexture(class std::basic_string<char,struct std::char_traits<char>,class std::allocator<char> >)" (?getTexture@ResourceManager@JCEngine@@SA?AUGLTexture@2@V?$basic_string@DU?$char_traits@D@std@@V?$allocator@D@2@@std@@@Z) referenced in function "public: __cdecl Human::Human(struct glm::vec<2,float,0>,struct glm::vec<2,float,0>)" (??0Human@@QEAA@U?$vec@$01M$0A@@glm@@0@Z)
Gun.obj : error LNK2001: unresolved external symbol "public: static struct JCEngine::GLTexture __cdecl JCEngine::ResourceManager::getTexture(class std::basic_string<char,struct std::char_traits<char>,class std::allocator<char> >)" (?getTexture@ResourceManager@JCEngine@@SA?AUGLTexture@2@V?$basic_string@DU?$char_traits@D@std@@V?$allocator@D@2@@std@@@Z)
Level.obj : error LNK2001: unresolved external symbol "public: static struct JCEngine::GLTexture __cdecl JCEngine::ResourceManager::getTexture(class std::basic_string<char,struct std::char_traits<char>,class std::allocator<char> >)" (?getTexture@ResourceManager@JCEngine@@SA?AUGLTexture@2@V?$basic_string@DU?$char_traits@D@std@@V?$allocator@D@2@@std@@@Z)
MainGame.obj : error LNK2001: unresolved external symbol "public: static struct JCEngine::GLTexture __cdecl JCEngine::ResourceManager::getTexture(class std::basic_string<char,struct std::char_traits<char>,class std::allocator<char> >)" (?getTexture@ResourceManager@JCEngine@@SA?AUGLTexture@2@V?$basic_string@DU?$char_traits@D@std@@V?$allocator@D@2@@std@@@Z)
Bullet.obj : error LNK2019: unresolved external symbol "public: void __cdecl JCEngine::SpriteBatch::draw(struct glm::vec<4,float,0> const &,struct glm::vec<4,float,0> const &,unsigned int,float,struct JCEngine::ColorRGBA8 const &)" (?draw@SpriteBatch@JCEngine@@QEAAXAEBU?$vec@$03M$0A@@glm@@0IMAEBUColorRGBA8@2@@Z) referenced in function "public: void __cdecl Bullet::draw(class JCEngine::SpriteBatch &)" (?draw@Bullet@@QEAAXAEAVSpriteBatch@JCEngine@@@Z)
Level.obj : error LNK2001: unresolved external symbol "public: void __cdecl JCEngine::SpriteBatch::draw(struct glm::vec<4,float,0> const &,struct glm::vec<4,float,0> const &,unsigned int,float,struct JCEngine::ColorRGBA8 const &)" (?draw@SpriteBatch@JCEngine@@QEAAXAEBU?$vec@$03M$0A@@glm@@0IMAEBUColorRGBA8@2@@Z)
Gun.obj : error LNK2019: unresolved external symbol "public: void __cdecl JCEngine::SoundEffect::play(int)" (?play@SoundEffect@JCEngine@@QEAAXH@Z) referenced in function "private: void __cdecl Gun::fire(struct glm::vec<2,float,0> const &,struct glm::vec<2,float,0> const &,class std::vector<class Bullet *,class std::allocator<class Bullet *> > &)" (?fire@Gun@@AEAAXAEBU?$vec@$01M$0A@@glm@@0AEAV?$vector@PEAVBullet@@V?$allocator@PEAVBullet@@@std@@@std@@@Z)
Level.obj : error LNK2019: unresolved external symbol "public: __cdecl JCEngine::SpriteBatch::SpriteBatch(void)" (??0SpriteBatch@JCEngine@@QEAA@XZ) referenced in function "public: __cdecl Level::Level(class std::basic_string<char,struct std::char_traits<char>,class std::allocator<char> > const &)" (??0Level@@QEAA@AEBV?$basic_string@DU?$char_traits@D@std@@V?$allocator@D@2@@std@@@Z)
MainGame.obj : error LNK2001: unresolved external symbol "public: __cdecl JCEngine::SpriteBatch::SpriteBatch(void)" (??0SpriteBatch@JCEngine@@QEAA@XZ)
Level.obj : error LNK2019: unresolved external symbol "public: __cdecl JCEngine::SpriteBatch::~SpriteBatch(void)" (??1SpriteBatch@JCEngine@@QEAA@XZ) referenced in function "int `public: __cdecl Level::Level(class std::basic_string<char,struct std::char_traits<char>,class std::allocator<char> > const &)'::`1'::dtor$1" (?dtor$1@?0???0Level@@QEAA@AEBV?$basic_string@DU?$char_traits@D@std@@V?$allocator@D@2@@std@@@Z@4HA)
MainGame.obj : error LNK2001: unresolved external symbol "public: __cdecl JCEngine::SpriteBatch::~SpriteBatch(void)" (??1SpriteBatch@JCEngine@@QEAA@XZ)
Level.obj : error LNK2019: unresolved external symbol "public: void __cdecl JCEngine::SpriteBatch::init(void)" (?init@SpriteBatch@JCEngine@@QEAAXXZ) referenced in function "public: __cdecl Level::Level(class std::basic_string<char,struct std::char_traits<char>,class std::allocator<char> > const &)" (??0Level@@QEAA@AEBV?$basic_string@DU?$char_traits@D@std@@V?$allocator@D@2@@std@@@Z)
MainGame.obj : error LNK2001: unresolved external symbol "public: void __cdecl JCEngine::SpriteBatch::init(void)" (?init@SpriteBatch@JCEngine@@QEAAXXZ)
Level.obj : error LNK2019: unresolved external symbol "public: void __cdecl JCEngine::SpriteBatch::begin(enum JCEngine::GlyphSortType)" (?begin@SpriteBatch@JCEngine@@QEAAXW4GlyphSortType@2@@Z) referenced in function "public: __cdecl Level::Level(class std::basic_string<char,struct std::char_traits<char>,class std::allocator<char> > const &)" (??0Level@@QEAA@AEBV?$basic_string@DU?$char_traits@D@std@@V?$allocator@D@2@@std@@@Z)
MainGame.obj : error LNK2001: unresolved external symbol "public: void __cdecl JCEngine::SpriteBatch::begin(enum JCEngine::GlyphSortType)" (?begin@SpriteBatch@JCEngine@@QEAAXW4GlyphSortType@2@@Z)
Level.obj : error LNK2019: unresolved external symbol "public: void __cdecl JCEngine::SpriteBatch::end(void)" (?end@SpriteBatch@JCEngine@@QEAAXXZ) referenced in function "public: __cdecl Level::Level(class std::basic_string<char,struct std::char_traits<char>,class std::allocator<char> > const &)" (??0Level@@QEAA@AEBV?$basic_string@DU?$char_traits@D@std@@V?$allocator@D@2@@std@@@Z)
MainGame.obj : error LNK2001: unresolved external symbol "public: void __cdecl JCEngine::SpriteBatch::end(void)" (?end@SpriteBatch@JCEngine@@QEAAXXZ)
Level.obj : error LNK2019: unresolved external symbol "public: void __cdecl JCEngine::SpriteBatch::renderBatch(void)" (?renderBatch@SpriteBatch@JCEngine@@QEAAXXZ) referenced in function "public: void __cdecl Level::draw(void)" (?draw@Level@@QEAAXXZ)
MainGame.obj : error LNK2001: unresolved external symbol "public: void __cdecl JCEngine::SpriteBatch::renderBatch(void)" (?renderBatch@SpriteBatch@JCEngine@@QEAAXXZ)
Level.obj : error LNK2019: unresolved external symbol "void __cdecl JCEngine::fatalError(class std::basic_string<char,struct std::char_traits<char>,class std::allocator<char> >)" (?fatalError@JCEngine@@YAXV?$basic_string@DU?$char_traits@D@std@@V?$allocator@D@2@@std@@@Z) referenced in function "public: __cdecl Level::Level(class std::basic_string<char,struct std::char_traits<char>,class std::allocator<char> > const &)" (??0Level@@QEAA@AEBV?$basic_string@DU?$char_traits@D@std@@V?$allocator@D@2@@std@@@Z)
MainGame.obj : error LNK2001: unresolved external symbol "void __cdecl JCEngine::fatalError(class std::basic_string<char,struct std::char_traits<char>,class std::allocator<char> >)" (?fatalError@JCEngine@@YAXV?$basic_string@DU?$char_traits@D@std@@V?$allocator@D@2@@std@@@Z)
MainGame.obj : error LNK2019: unresolved external symbol SDL_PollEvent referenced in function "private: void __cdecl MainGame::processInput(float)" (?processInput@MainGame@@AEAAXM@Z)
MainGame.obj : error LNK2019: unresolved external symbol SDL_GetTicks referenced in function "private: void __cdecl MainGame::gameLoop(void)" (?gameLoop@MainGame@@AEAAXXZ)
MainGame.obj : error LNK2019: unresolved external symbol "public: __cdecl JCEngine::Window::Window(void)" (??0Window@JCEngine@@QEAA@XZ) referenced in function "public: __cdecl MainGame::MainGame(int,int)" (??0MainGame@@QEAA@HH@Z)
MainGame.obj : error LNK2019: unresolved external symbol "public: __cdecl JCEngine::Window::~Window(void)" (??1Window@JCEngine@@QEAA@XZ) referenced in function "int `public: __cdecl MainGame::MainGame(int,int)'::`1'::dtor$0" (?dtor$0@?0???0MainGame@@QEAA@HH@Z@4HA)
MainGame.obj : error LNK2019: unresolved external symbol "public: int __cdecl JCEngine::Window::create(class std::basic_string<char,struct std::char_traits<char>,class std::allocator<char> >,int,int,unsigned int)" (?create@Window@JCEngine@@QEAAHV?$basic_string@DU?$char_traits@D@std@@V?$allocator@D@2@@std@@HHI@Z) referenced in function "public: __cdecl MainGame::MainGame(int,int)" (??0MainGame@@QEAA@HH@Z)
MainGame.obj : error LNK2019: unresolved external symbol "public: void __cdecl JCEngine::Window::setColor(float,float,float,float)" (?setColor@Window@JCEngine@@QEAAXMMMM@Z) referenced in function "public: __cdecl MainGame::MainGame(int,int)" (??0MainGame@@QEAA@HH@Z)
MainGame.obj : error LNK2019: unresolved external symbol "public: void __cdecl JCEngine::Window::swapBuffer(void)" (?swapBuffer@Window@JCEngine@@QEAAXXZ) referenced in function "private: void __cdecl MainGame::draw(void)" (?draw@MainGame@@AEAAXXZ)
MainGame.obj : error LNK2019: unresolved external symbol "public: __cdecl JCEngine::GLSLProgram::GLSLProgram(void)" (??0GLSLProgram@JCEngine@@QEAA@XZ) referenced in function "public: __cdecl MainGame::MainGame(int,int)" (??0MainGame@@QEAA@HH@Z)
MainGame.obj : error LNK2019: unresolved external symbol "public: __cdecl JCEngine::GLSLProgram::~GLSLProgram(void)" (??1GLSLProgram@JCEngine@@QEAA@XZ) referenced in function "int `public: __cdecl MainGame::MainGame(int,int)'::`1'::dtor$1" (?dtor$1@?0???0MainGame@@QEAA@HH@Z@4HA)
MainGame.obj : error LNK2019: unresolved external symbol "public: void __cdecl JCEngine::GLSLProgram::compileShaders(class std::basic_string<char,struct std::char_traits<char>,class std::allocator<char> > const &,class std::basic_string<char,struct std::char_traits<char>,class std::allocator<char> > const &)" (?compileShaders@GLSLProgram@JCEngine@@QEAAXAEBV?$basic_string@DU?$char_traits@D@std@@V?$allocator@D@2@@std@@0@Z) referenced in function "private: void __cdecl MainGame::initShaders(void)" (?initShaders@MainGame@@AEAAXXZ)
MainGame.obj : error LNK2019: unresolved external symbol "public: void __cdecl JCEngine::GLSLProgram::linkShaders(void)" (?linkShaders@GLSLProgram@JCEngine@@QEAAXXZ) referenced in function "private: void __cdecl MainGame::initShaders(void)" (?initShaders@MainGame@@AEAAXXZ)
MainGame.obj : error LNK2019: unresolved external symbol "public: void __cdecl JCEngine::GLSLProgram::addAttribute(class std::basic_string<char,struct std::char_traits<char>,class std::allocator<char> > const &)" (?addAttribute@GLSLProgram@JCEngine@@QEAAXAEBV?$basic_string@DU?$char_traits@D@std@@V?$allocator@D@2@@std@@@Z) referenced in function "private: void __cdecl MainGame::initShaders(void)" (?initShaders@MainGame@@AEAAXXZ)
MainGame.obj : error LNK2019: unresolved external symbol "public: unsigned int __cdecl JCEngine::GLSLProgram::getUniformLocation(class std::basic_string<char,struct std::char_traits<char>,class std::allocator<char> > const &)" (?getUniformLocation@GLSLProgram@JCEngine@@QEAAIAEBV?$basic_string@DU?$char_traits@D@std@@V?$allocator@D@2@@std@@@Z) referenced in function "private: void __cdecl MainGame::draw(void)" (?draw@MainGame@@AEAAXXZ)
MainGame.obj : error LNK2019: unresolved external symbol "public: void __cdecl JCEngine::GLSLProgram::use(void)" (?use@GLSLProgram@JCEngine@@QEAAXXZ) referenced in function "private: void __cdecl MainGame::draw(void)" (?draw@MainGame@@AEAAXXZ)
MainGame.obj : error LNK2019: unresolved external symbol "public: void __cdecl JCEngine::GLSLProgram::unuse(void)" (?unuse@GLSLProgram@JCEngine@@QEAAXXZ) referenced in function "private: void __cdecl MainGame::draw(void)" (?draw@MainGame@@AEAAXXZ)
MainGame.obj : error LNK2019: unresolved external symbol "public: __cdecl JCEngine::InputManager::InputManager(void)" (??0InputManager@JCEngine@@QEAA@XZ) referenced in function "public: __cdecl MainGame::MainGame(int,int)" (??0MainGame@@QEAA@HH@Z)
MainGame.obj : error LNK2019: unresolved external symbol "public: __cdecl JCEngine::InputManager::~InputManager(void)" (??1InputManager@JCEngine@@QEAA@XZ) referenced in function "int `public: __cdecl MainGame::MainGame(int,int)'::`1'::dtor$4" (?dtor$4@?0???0MainGame@@QEAA@HH@Z@4HA)
MainGame.obj : error LNK2019: unresolved external symbol "public: void __cdecl JCEngine::InputManager::update(void)" (?update@InputManager@JCEngine@@QEAAXXZ) referenced in function "private: void __cdecl MainGame::gameLoop(void)" (?gameLoop@MainGame@@AEAAXXZ)
MainGame.obj : error LNK2019: unresolved external symbol "public: void __cdecl JCEngine::InputManager::keyPress(unsigned int)" (?keyPress@InputManager@JCEngine@@QEAAXI@Z) referenced in function "private: void __cdecl MainGame::processInput(float)" (?processInput@MainGame@@AEAAXM@Z)
MainGame.obj : error LNK2019: unresolved external symbol "public: void __cdecl JCEngine::InputManager::keyRelease(unsigned int)" (?keyRelease@InputManager@JCEngine@@QEAAXI@Z) referenced in function "private: void __cdecl MainGame::processInput(float)" (?processInput@MainGame@@AEAAXM@Z)
MainGame.obj : error LNK2019: unresolved external symbol "public: void __cdecl JCEngine::InputManager::setMouseCoords(float,float)" (?setMouseCoords@InputManager@JCEngine@@QEAAXMM@Z) referenced in function "private: void __cdecl MainGame::processInput(float)" (?processInput@MainGame@@AEAAXM@Z)
MainGame.obj : error LNK2019: unresolved external symbol "public: __cdecl JCEngine::Camera2D::Camera2D(void)" (??0Camera2D@JCEngine@@QEAA@XZ) referenced in function "public: __cdecl MainGame::MainGame(int,int)" (??0MainGame@@QEAA@HH@Z)
MainGame.obj : error LNK2019: unresolved external symbol "public: __cdecl JCEngine::Camera2D::~Camera2D(void)" (??1Camera2D@JCEngine@@QEAA@XZ) referenced in function "int `public: __cdecl MainGame::MainGame(int,int)'::`1'::dtor$2" (?dtor$2@?0???0MainGame@@QEAA@HH@Z@4HA)
MainGame.obj : error LNK2019: unresolved external symbol "public: void __cdecl JCEngine::Camera2D::Init(int,int)" (?Init@Camera2D@JCEngine@@QEAAXHH@Z) referenced in function "public: __cdecl MainGame::MainGame(int,int)" (??0MainGame@@QEAA@HH@Z)
MainGame.obj : error LNK2019: unresolved external symbol "public: void __cdecl JCEngine::Camera2D::Update(void)" (?Update@Camera2D@JCEngine@@QEAAXXZ) referenced in function "private: void __cdecl MainGame::gameLoop(void)" (?gameLoop@MainGame@@AEAAXXZ)
MainGame.obj : error LNK2019: unresolved external symbol "public: bool __cdecl JCEngine::Camera2D::isBoxInView(struct glm::vec<2,float,0> const &,struct glm::vec<2,float,0> const &)" (?isBoxInView@Camera2D@JCEngine@@QEAA_NAEBU?$vec@$01M$0A@@glm@@0@Z) referenced in function "private: void __cdecl MainGame::draw(void)" (?draw@MainGame@@AEAAXXZ)
MainGame.obj : error LNK2019: unresolved external symbol "public: __cdecl JCEngine::SpriteFont::SpriteFont(char const *,int,char,char)" (??0SpriteFont@JCEngine@@QEAA@PEBDHDD@Z) referenced in function "public: __cdecl JCEngine::SpriteFont::SpriteFont(char const *,int)" (??0SpriteFont@JCEngine@@QEAA@PEBDH@Z)
MainGame.obj : error LNK2019: unresolved external symbol "public: void __cdecl JCEngine::SpriteFont::draw(class JCEngine::SpriteBatch &,char const *,struct glm::vec<2,float,0>,struct glm::vec<2,float,0>,float,struct JCEngine::ColorRGBA8,enum JCEngine::Justification)" (?draw@SpriteFont@JCEngine@@QEAAXAEAVSpriteBatch@2@PEBDU?$vec@$01M$0A@@glm@@2MUColorRGBA8@2@W4Justification@2@@Z) referenced in function "private: void __cdecl MainGame::drawHUD(void)" (?drawHUD@MainGame@@AEAAXXZ)
MainGame.obj : error LNK2019: unresolved external symbol "public: void __cdecl JCEngine::Music::play(int)" (?play@Music@JCEngine@@QEAAXH@Z) referenced in function "private: void __cdecl MainGame::initLevel(void)" (?initLevel@MainGame@@AEAAXXZ)
MainGame.obj : error LNK2019: unresolved external symbol "public: __cdecl JCEngine::AudioEngine::AudioEngine(void)" (??0AudioEngine@JCEngine@@QEAA@XZ) referenced in function "public: __cdecl MainGame::MainGame(int,int)" (??0MainGame@@QEAA@HH@Z)
MainGame.obj : error LNK2019: unresolved external symbol "public: __cdecl JCEngine::AudioEngine::~AudioEngine(void)" (??1AudioEngine@JCEngine@@QEAA@XZ) referenced in function "int `public: __cdecl MainGame::MainGame(int,int)'::`1'::dtor$6" (?dtor$6@?0???0MainGame@@QEAA@HH@Z@4HA)
MainGame.obj : error LNK2019: unresolved external symbol "public: void __cdecl JCEngine::AudioEngine::init(void)" (?init@AudioEngine@JCEngine@@QEAAXXZ) referenced in function "public: __cdecl MainGame::MainGame(int,int)" (??0MainGame@@QEAA@HH@Z)
MainGame.obj : error LNK2019: unresolved external symbol "public: class JCEngine::SoundEffect __cdecl JCEngine::AudioEngine::loadSoundEffect(class std::basic_string<char,struct std::char_traits<char>,class std::allocator<char> > const &)" (?loadSoundEffect@AudioEngine@JCEngine@@QEAA?AVSoundEffect@2@AEBV?$basic_string@DU?$char_traits@D@std@@V?$allocator@D@2@@std@@@Z) referenced in function "private: void __cdecl MainGame::initLevel(void)" (?initLevel@MainGame@@AEAAXXZ)
MainGame.obj : error LNK2019: unresolved external symbol "public: class JCEngine::Music __cdecl JCEngine::AudioEngine::loadMusic(class std::basic_string<char,struct std::char_traits<char>,class std::allocator<char> > const &)" (?loadMusic@AudioEngine@JCEngine@@QEAA?AVMusic@2@AEBV?$basic_string@DU?$char_traits@D@std@@V?$allocator@D@2@@std@@@Z) referenced in function "private: void __cdecl MainGame::initLevel(void)" (?initLevel@MainGame@@AEAAXXZ)
MainGame.obj : error LNK2019: unresolved external symbol "public: __cdecl JCEngine::ParticleBatch2D::ParticleBatch2D(int,float,struct JCEngine::GLTexture,class std::function<void __cdecl(class JCEngine::Particle2D &,float)>)" (??0ParticleBatch2D@JCEngine@@QEAA@HMUGLTexture@1@V?$function@$$A6AXAEAVParticle2D@JCEngine@@M@Z@std@@@Z) referenced in function "public: __cdecl MainGame::MainGame(int,int)" (??0MainGame@@QEAA@HH@Z)
MainGame.obj : error LNK2019: unresolved external symbol "public: void __cdecl JCEngine::ParticleBatch2D::addParticle(struct glm::vec<2,float,0> const &,struct JCEngine::ColorRGBA8 &,struct glm::vec<2,float,0> const &,float)" (?addParticle@ParticleBatch2D@JCEngine@@QEAAXAEBU?$vec@$01M$0A@@glm@@AEAUColorRGBA8@2@0M@Z) referenced in function "private: void __cdecl MainGame::addBlood(struct glm::vec<2,float,0>,int)" (?addBlood@MainGame@@AEAAXU?$vec@$01M$0A@@glm@@H@Z)
MainGame.obj : error LNK2019: unresolved external symbol "public: __cdecl JCEngine::ParticleEngine2D::ParticleEngine2D(void)" (??0ParticleEngine2D@JCEngine@@QEAA@XZ) referenced in function "public: __cdecl MainGame::MainGame(int,int)" (??0MainGame@@QEAA@HH@Z)
MainGame.obj : error LNK2019: unresolved external symbol "public: __cdecl JCEngine::ParticleEngine2D::~ParticleEngine2D(void)" (??1ParticleEngine2D@JCEngine@@QEAA@XZ) referenced in function "int `public: __cdecl MainGame::MainGame(int,int)'::`1'::dtor$7" (?dtor$7@?0???0MainGame@@QEAA@HH@Z@4HA)
MainGame.obj : error LNK2019: unresolved external symbol "public: void __cdecl JCEngine::ParticleEngine2D::addParticleBatch(class JCEngine::ParticleBatch2D *)" (?addParticleBatch@ParticleEngine2D@JCEngine@@QEAAXPEAVParticleBatch2D@2@@Z) referenced in function "public: __cdecl MainGame::MainGame(int,int)" (??0MainGame@@QEAA@HH@Z)
MainGame.obj : error LNK2019: unresolved external symbol "public: void __cdecl JCEngine::ParticleEngine2D::update(float)" (?update@ParticleEngine2D@JCEngine@@QEAAXM@Z) referenced in function "private: void __cdecl MainGame::gameLoop(void)" (?gameLoop@MainGame@@AEAAXXZ)
MainGame.obj : error LNK2019: unresolved external symbol "public: void __cdecl JCEngine::ParticleEngine2D::draw(class JCEngine::SpriteBatch *)" (?draw@ParticleEngine2D@JCEngine@@QEAAXPEAVSpriteBatch@2@@Z) referenced in function "private: void __cdecl MainGame::draw(void)" (?draw@MainGame@@AEAAXXZ)
MainGame.obj : error LNK2019: unresolved external symbol "public: __cdecl JCEngine::FPSLimiter::FPSLimiter(void)" (??0FPSLimiter@JCEngine@@QEAA@XZ) referenced in function "public: __cdecl MainGame::MainGame(int,int)" (??0MainGame@@QEAA@HH@Z)
MainGame.obj : error LNK2019: unresolved external symbol "public: __cdecl JCEngine::FPSLimiter::~FPSLimiter(void)" (??1FPSLimiter@JCEngine@@QEAA@XZ) referenced in function "int `public: __cdecl MainGame::MainGame(int,int)'::`1'::dtor$5" (?dtor$5@?0???0MainGame@@QEAA@HH@Z@4HA)
MainGame.obj : error LNK2019: unresolved external symbol "public: void __cdecl JCEngine::FPSLimiter::init(float)" (?init@FPSLimiter@JCEngine@@QEAAXM@Z) referenced in function "public: __cdecl MainGame::MainGame(int,int)" (??0MainGame@@QEAA@HH@Z)
MainGame.obj : error LNK2019: unresolved external symbol "public: void __cdecl JCEngine::FPSLimiter::start(void)" (?start@FPSLimiter@JCEngine@@QEAAXXZ) referenced in function "private: void __cdecl MainGame::gameLoop(void)" (?gameLoop@MainGame@@AEAAXXZ)
MainGame.obj : error LNK2019: unresolved external symbol "public: float __cdecl JCEngine::FPSLimiter::stop(void)" (?stop@FPSLimiter@JCEngine@@QEAAMXZ) referenced in function "private: void __cdecl MainGame::gameLoop(void)" (?gameLoop@MainGame@@AEAAXXZ)
MainGame.obj : error LNK2019: unresolved external symbol "int __cdecl JCEngine::init(void)" (?init@JCEngine@@YAHXZ) referenced in function "public: __cdecl MainGame::MainGame(int,int)" (??0MainGame@@QEAA@HH@Z)
MainGame.obj : error LNK2019: unresolved external symbol __imp___glewActiveTexture referenced in function "private: void __cdecl MainGame::draw(void)" (?draw@MainGame@@AEAAXXZ)
MainGame.obj : error LNK2019: unresolved external symbol __imp___glewUniform1i referenced in function "private: void __cdecl MainGame::draw(void)" (?draw@MainGame@@AEAAXXZ)
MainGame.obj : error LNK2019: unresolved external symbol __imp___glewUniformMatrix4fv referenced in function "private: void __cdecl MainGame::draw(void)" (?draw@MainGame@@AEAAXXZ)
MSVCRTD.lib(exe_main.obj) : error LNK2019: unresolved external symbol main referenced in function "int __cdecl invoke_main(void)" (?invoke_main@@YAHXZ)
C:\Code\Zombies\dependencies\lib\debug\SDL2.lib : warning LNK4272: library machine type 'x86' conflicts with target machine type 'x64'
C:\Code\Zombies\dependencies\lib\debug\SDL2main.lib : warning LNK4272: library machine type 'x86' conflicts with target machine type 'x64'
C:\Code\Zombies\dependencies\lib\debug\SDL2test.lib : warning LNK4272: library machine type 'x86' conflicts with target machine type 'x64'
C:\Code\Zombies\dependencies\lib\debug\glew32.lib : warning LNK4272: library machine type 'x86' conflicts with target machine type 'x64'
C:\Code\Zombies\debug\JCEngine.lib : warning LNK4272: library machine type 'x86' conflicts with target machine type 'x64'
C:\Code\Zombies\dependencies\lib\debug\SDL2_ttf.lib : warning LNK4272: library machine type 'x86' conflicts with target machine type 'x64'
C:\Code\Zombies\dependencies\lib\debug\SDL2_mixer.lib : warning LNK4272: library machine type 'x86' conflicts with target machine type 'x64'
C:\Code\Zombies\x64\Debug\Zombies.exe : fatal error LNK1120: 64 unresolved externals
