  Ball.cpp
  BallController.cpp
C:\Code\Zombies\BallGame\BallController.cpp(73,30): warning C4267: '=': conversion from 'size_t' to 'int', possible loss of data
C:\Code\Zombies\BallGame\BallController.cpp(99,38): warning C4267: 'initializing': conversion from 'size_t' to 'int', possible loss of data
C:\Code\Zombies\BallGame\BallController.cpp(107,51): warning C4267: 'argument': conversion from 'size_t' to 'int', possible loss of data
  BallRenderer.cpp
  Grid.cpp
C:\Code\Zombies\BallGame\Grid.cpp(28,51): warning C4267: '=': conversion from 'size_t' to 'int', possible loss of data
C:\Code\Zombies\BallGame\Grid.cpp(34,51): warning C4267: '=': conversion from 'size_t' to 'int', possible loss of data
  main.cpp
  MainGame.cpp
  Generating Code...
BallRenderer.obj : error LNK2019: unresolved external symbol "public: void __cdecl JCEngine::SpriteBatch::begin(enum JCEngine::GlyphSortType)" (?begin@SpriteBatch@JCEngine@@QEAAXW4GlyphSortType@2@@Z) referenced in function "public: virtual void __cdecl BallRenderer::renderBalls(class JCEngine::SpriteBatch &,class std::vector<struct Ball,class std::allocator<struct Ball> > const &,struct glm::mat<4,4,float,0> const &)" (?renderBalls@BallRenderer@@UEAAXAEAVSpriteBatch@JCEngine@@AEBV?$vector@UBall@@V?$allocator@UBall@@@std@@@std@@AEBU?$mat@$03$03M$0A@@glm@@@Z)
MainGame.obj : error LNK2001: unresolved external symbol "public: void __cdecl JCEngine::SpriteBatch::begin(enum JCEngine::GlyphSortType)" (?begin@SpriteBatch@JCEngine@@QEAAXW4GlyphSortType@2@@Z)
BallRenderer.obj : error LNK2019: unresolved external symbol "public: void __cdecl JCEngine::SpriteBatch::end(void)" (?end@SpriteBatch@JCEngine@@QEAAXXZ) referenced in function "public: virtual void __cdecl BallRenderer::renderBalls(class JCEngine::SpriteBatch &,class std::vector<struct Ball,class std::allocator<struct Ball> > const &,struct glm::mat<4,4,float,0> const &)" (?renderBalls@BallRenderer@@UEAAXAEAVSpriteBatch@JCEngine@@AEBV?$vector@UBall@@V?$allocator@UBall@@@std@@@std@@AEBU?$mat@$03$03M$0A@@glm@@@Z)
MainGame.obj : error LNK2001: unresolved external symbol "public: void __cdecl JCEngine::SpriteBatch::end(void)" (?end@SpriteBatch@JCEngine@@QEAAXXZ)
BallRenderer.obj : error LNK2019: unresolved external symbol "public: void __cdecl JCEngine::SpriteBatch::draw(struct glm::vec<4,float,0> const &,struct glm::vec<4,float,0> const &,unsigned int,float,struct JCEngine::ColorRGBA8 const &)" (?draw@SpriteBatch@JCEngine@@QEAAXAEBU?$vec@$03M$0A@@glm@@0IMAEBUColorRGBA8@2@@Z) referenced in function "public: virtual void __cdecl BallRenderer::renderBalls(class JCEngine::SpriteBatch &,class std::vector<struct Ball,class std::allocator<struct Ball> > const &,struct glm::mat<4,4,float,0> const &)" (?renderBalls@BallRenderer@@UEAAXAEAVSpriteBatch@JCEngine@@AEBV?$vector@UBall@@V?$allocator@UBall@@@std@@@std@@AEBU?$mat@$03$03M$0A@@glm@@@Z)
BallRenderer.obj : error LNK2019: unresolved external symbol "public: void __cdecl JCEngine::SpriteBatch::renderBatch(void)" (?renderBatch@SpriteBatch@JCEngine@@QEAAXXZ) referenced in function "public: virtual void __cdecl BallRenderer::renderBalls(class JCEngine::SpriteBatch &,class std::vector<struct Ball,class std::allocator<struct Ball> > const &,struct glm::mat<4,4,float,0> const &)" (?renderBalls@BallRenderer@@UEAAXAEAVSpriteBatch@JCEngine@@AEBV?$vector@UBall@@V?$allocator@UBall@@@std@@@std@@AEBU?$mat@$03$03M$0A@@glm@@@Z)
MainGame.obj : error LNK2001: unresolved external symbol "public: void __cdecl JCEngine::SpriteBatch::renderBatch(void)" (?renderBatch@SpriteBatch@JCEngine@@QEAAXXZ)
BallRenderer.obj : error LNK2019: unresolved external symbol "public: __cdecl JCEngine::GLSLProgram::GLSLProgram(void)" (??0GLSLProgram@JCEngine@@QEAA@XZ) referenced in function "class std::unique_ptr<class JCEngine::GLSLProgram,struct std::default_delete<class JCEngine::GLSLProgram> > __cdecl std::make_unique<class JCEngine::GLSLProgram,0>(void)" (??$make_unique@VGLSLProgram@JCEngine@@$$V$0A@@std@@YA?AV?$unique_ptr@VGLSLProgram@JCEngine@@U?$default_delete@VGLSLProgram@JCEngine@@@std@@@0@XZ)
main.obj : error LNK2001: unresolved external symbol "public: __cdecl JCEngine::GLSLProgram::GLSLProgram(void)" (??0GLSLProgram@JCEngine@@QEAA@XZ)
BallRenderer.obj : error LNK2019: unresolved external symbol "public: __cdecl JCEngine::GLSLProgram::~GLSLProgram(void)" (??1GLSLProgram@JCEngine@@QEAA@XZ) referenced in function "public: void * __cdecl JCEngine::GLSLProgram::`scalar deleting destructor'(unsigned int)" (??_GGLSLProgram@JCEngine@@QEAAPEAXI@Z)
main.obj : error LNK2001: unresolved external symbol "public: __cdecl JCEngine::GLSLProgram::~GLSLProgram(void)" (??1GLSLProgram@JCEngine@@QEAA@XZ)
MainGame.obj : error LNK2001: unresolved external symbol "public: __cdecl JCEngine::GLSLProgram::~GLSLProgram(void)" (??1GLSLProgram@JCEngine@@QEAA@XZ)
BallRenderer.obj : error LNK2019: unresolved external symbol "public: void __cdecl JCEngine::GLSLProgram::compileShaders(class std::basic_string<char,struct std::char_traits<char>,class std::allocator<char> > const &,class std::basic_string<char,struct std::char_traits<char>,class std::allocator<char> > const &)" (?compileShaders@GLSLProgram@JCEngine@@QEAAXAEBV?$basic_string@DU?$char_traits@D@std@@V?$allocator@D@2@@std@@0@Z) referenced in function "public: virtual void __cdecl BallRenderer::renderBalls(class JCEngine::SpriteBatch &,class std::vector<struct Ball,class std::allocator<struct Ball> > const &,struct glm::mat<4,4,float,0> const &)" (?renderBalls@BallRenderer@@UEAAXAEAVSpriteBatch@JCEngine@@AEBV?$vector@UBall@@V?$allocator@UBall@@@std@@@std@@AEBU?$mat@$03$03M$0A@@glm@@@Z)
MainGame.obj : error LNK2001: unresolved external symbol "public: void __cdecl JCEngine::GLSLProgram::compileShaders(class std::basic_string<char,struct std::char_traits<char>,class std::allocator<char> > const &,class std::basic_string<char,struct std::char_traits<char>,class std::allocator<char> > const &)" (?compileShaders@GLSLProgram@JCEngine@@QEAAXAEBV?$basic_string@DU?$char_traits@D@std@@V?$allocator@D@2@@std@@0@Z)
BallRenderer.obj : error LNK2019: unresolved external symbol "public: void __cdecl JCEngine::GLSLProgram::linkShaders(void)" (?linkShaders@GLSLProgram@JCEngine@@QEAAXXZ) referenced in function "public: virtual void __cdecl BallRenderer::renderBalls(class JCEngine::SpriteBatch &,class std::vector<struct Ball,class std::allocator<struct Ball> > const &,struct glm::mat<4,4,float,0> const &)" (?renderBalls@BallRenderer@@UEAAXAEAVSpriteBatch@JCEngine@@AEBV?$vector@UBall@@V?$allocator@UBall@@@std@@@std@@AEBU?$mat@$03$03M$0A@@glm@@@Z)
MainGame.obj : error LNK2001: unresolved external symbol "public: void __cdecl JCEngine::GLSLProgram::linkShaders(void)" (?linkShaders@GLSLProgram@JCEngine@@QEAAXXZ)
BallRenderer.obj : error LNK2019: unresolved external symbol "public: void __cdecl JCEngine::GLSLProgram::addAttribute(class std::basic_string<char,struct std::char_traits<char>,class std::allocator<char> > const &)" (?addAttribute@GLSLProgram@JCEngine@@QEAAXAEBV?$basic_string@DU?$char_traits@D@std@@V?$allocator@D@2@@std@@@Z) referenced in function "public: virtual void __cdecl BallRenderer::renderBalls(class JCEngine::SpriteBatch &,class std::vector<struct Ball,class std::allocator<struct Ball> > const &,struct glm::mat<4,4,float,0> const &)" (?renderBalls@BallRenderer@@UEAAXAEAVSpriteBatch@JCEngine@@AEBV?$vector@UBall@@V?$allocator@UBall@@@std@@@std@@AEBU?$mat@$03$03M$0A@@glm@@@Z)
MainGame.obj : error LNK2001: unresolved external symbol "public: void __cdecl JCEngine::GLSLProgram::addAttribute(class std::basic_string<char,struct std::char_traits<char>,class std::allocator<char> > const &)" (?addAttribute@GLSLProgram@JCEngine@@QEAAXAEBV?$basic_string@DU?$char_traits@D@std@@V?$allocator@D@2@@std@@@Z)
BallRenderer.obj : error LNK2019: unresolved external symbol "public: unsigned int __cdecl JCEngine::GLSLProgram::getUniformLocation(class std::basic_string<char,struct std::char_traits<char>,class std::allocator<char> > const &)" (?getUniformLocation@GLSLProgram@JCEngine@@QEAAIAEBV?$basic_string@DU?$char_traits@D@std@@V?$allocator@D@2@@std@@@Z) referenced in function "public: virtual void __cdecl BallRenderer::renderBalls(class JCEngine::SpriteBatch &,class std::vector<struct Ball,class std::allocator<struct Ball> > const &,struct glm::mat<4,4,float,0> const &)" (?renderBalls@BallRenderer@@UEAAXAEAVSpriteBatch@JCEngine@@AEBV?$vector@UBall@@V?$allocator@UBall@@@std@@@std@@AEBU?$mat@$03$03M$0A@@glm@@@Z)
MainGame.obj : error LNK2001: unresolved external symbol "public: unsigned int __cdecl JCEngine::GLSLProgram::getUniformLocation(class std::basic_string<char,struct std::char_traits<char>,class std::allocator<char> > const &)" (?getUniformLocation@GLSLProgram@JCEngine@@QEAAIAEBV?$basic_string@DU?$char_traits@D@std@@V?$allocator@D@2@@std@@@Z)
BallRenderer.obj : error LNK2019: unresolved external symbol "public: void __cdecl JCEngine::GLSLProgram::use(void)" (?use@GLSLProgram@JCEngine@@QEAAXXZ) referenced in function "public: virtual void __cdecl BallRenderer::renderBalls(class JCEngine::SpriteBatch &,class std::vector<struct Ball,class std::allocator<struct Ball> > const &,struct glm::mat<4,4,float,0> const &)" (?renderBalls@BallRenderer@@UEAAXAEAVSpriteBatch@JCEngine@@AEBV?$vector@UBall@@V?$allocator@UBall@@@std@@@std@@AEBU?$mat@$03$03M$0A@@glm@@@Z)
MainGame.obj : error LNK2001: unresolved external symbol "public: void __cdecl JCEngine::GLSLProgram::use(void)" (?use@GLSLProgram@JCEngine@@QEAAXXZ)
BallRenderer.obj : error LNK2019: unresolved external symbol "public: void __cdecl JCEngine::GLSLProgram::unuse(void)" (?unuse@GLSLProgram@JCEngine@@QEAAXXZ) referenced in function "public: virtual void __cdecl BallRenderer::renderBalls(class JCEngine::SpriteBatch &,class std::vector<struct Ball,class std::allocator<struct Ball> > const &,struct glm::mat<4,4,float,0> const &)" (?renderBalls@BallRenderer@@UEAAXAEAVSpriteBatch@JCEngine@@AEBV?$vector@UBall@@V?$allocator@UBall@@@std@@@std@@AEBU?$mat@$03$03M$0A@@glm@@@Z)
MainGame.obj : error LNK2001: unresolved external symbol "public: void __cdecl JCEngine::GLSLProgram::unuse(void)" (?unuse@GLSLProgram@JCEngine@@QEAAXXZ)
BallRenderer.obj : error LNK2019: unresolved external symbol __imp___glewActiveTexture referenced in function "public: virtual void __cdecl BallRenderer::renderBalls(class JCEngine::SpriteBatch &,class std::vector<struct Ball,class std::allocator<struct Ball> > const &,struct glm::mat<4,4,float,0> const &)" (?renderBalls@BallRenderer@@UEAAXAEAVSpriteBatch@JCEngine@@AEBV?$vector@UBall@@V?$allocator@UBall@@@std@@@std@@AEBU?$mat@$03$03M$0A@@glm@@@Z)
MainGame.obj : error LNK2001: unresolved external symbol __imp___glewActiveTexture
BallRenderer.obj : error LNK2019: unresolved external symbol __imp___glewUniform1i referenced in function "public: virtual void __cdecl BallRenderer::renderBalls(class JCEngine::SpriteBatch &,class std::vector<struct Ball,class std::allocator<struct Ball> > const &,struct glm::mat<4,4,float,0> const &)" (?renderBalls@BallRenderer@@UEAAXAEAVSpriteBatch@JCEngine@@AEBV?$vector@UBall@@V?$allocator@UBall@@@std@@@std@@AEBU?$mat@$03$03M$0A@@glm@@@Z)
MainGame.obj : error LNK2001: unresolved external symbol __imp___glewUniform1i
BallRenderer.obj : error LNK2019: unresolved external symbol __imp___glewUniformMatrix4fv referenced in function "public: virtual void __cdecl BallRenderer::renderBalls(class JCEngine::SpriteBatch &,class std::vector<struct Ball,class std::allocator<struct Ball> > const &,struct glm::mat<4,4,float,0> const &)" (?renderBalls@BallRenderer@@UEAAXAEAVSpriteBatch@JCEngine@@AEBV?$vector@UBall@@V?$allocator@UBall@@@std@@@std@@AEBU?$mat@$03$03M$0A@@glm@@@Z)
MainGame.obj : error LNK2001: unresolved external symbol __imp___glewUniformMatrix4fv
main.obj : error LNK2019: unresolved external symbol "public: __cdecl JCEngine::Camera2D::Camera2D(void)" (??0Camera2D@JCEngine@@QEAA@XZ) referenced in function "public: __cdecl MainGame::MainGame(void)" (??0MainGame@@QEAA@XZ)
main.obj : error LNK2019: unresolved external symbol "public: __cdecl JCEngine::Camera2D::~Camera2D(void)" (??1Camera2D@JCEngine@@QEAA@XZ) referenced in function "int `public: __cdecl MainGame::MainGame(void)'::`1'::dtor$6" (?dtor$6@?0???0MainGame@@QEAA@XZ@4HA)
MainGame.obj : error LNK2001: unresolved external symbol "public: __cdecl JCEngine::Camera2D::~Camera2D(void)" (??1Camera2D@JCEngine@@QEAA@XZ)
main.obj : error LNK2019: unresolved external symbol "public: __cdecl JCEngine::SpriteBatch::SpriteBatch(void)" (??0SpriteBatch@JCEngine@@QEAA@XZ) referenced in function "public: __cdecl MainGame::MainGame(void)" (??0MainGame@@QEAA@XZ)
main.obj : error LNK2019: unresolved external symbol "public: __cdecl JCEngine::SpriteBatch::~SpriteBatch(void)" (??1SpriteBatch@JCEngine@@QEAA@XZ) referenced in function "int `public: __cdecl MainGame::MainGame(void)'::`1'::dtor$4" (?dtor$4@?0???0MainGame@@QEAA@XZ@4HA)
MainGame.obj : error LNK2001: unresolved external symbol "public: __cdecl JCEngine::SpriteBatch::~SpriteBatch(void)" (??1SpriteBatch@JCEngine@@QEAA@XZ)
main.obj : error LNK2019: unresolved external symbol "public: __cdecl JCEngine::InputManager::InputManager(void)" (??0InputManager@JCEngine@@QEAA@XZ) referenced in function "public: __cdecl MainGame::MainGame(void)" (??0MainGame@@QEAA@XZ)
main.obj : error LNK2019: unresolved external symbol "public: __cdecl JCEngine::InputManager::~InputManager(void)" (??1InputManager@JCEngine@@QEAA@XZ) referenced in function "int `public: __cdecl MainGame::MainGame(void)'::`1'::dtor$7" (?dtor$7@?0???0MainGame@@QEAA@XZ@4HA)
MainGame.obj : error LNK2001: unresolved external symbol "public: __cdecl JCEngine::InputManager::~InputManager(void)" (??1InputManager@JCEngine@@QEAA@XZ)
main.obj : error LNK2019: unresolved external symbol "public: __cdecl JCEngine::Window::Window(void)" (??0Window@JCEngine@@QEAA@XZ) referenced in function "public: __cdecl MainGame::MainGame(void)" (??0MainGame@@QEAA@XZ)
main.obj : error LNK2019: unresolved external symbol "public: __cdecl JCEngine::Window::~Window(void)" (??1Window@JCEngine@@QEAA@XZ) referenced in function "int `public: __cdecl MainGame::MainGame(void)'::`1'::dtor$3" (?dtor$3@?0???0MainGame@@QEAA@XZ@4HA)
MainGame.obj : error LNK2001: unresolved external symbol "public: __cdecl JCEngine::Window::~Window(void)" (??1Window@JCEngine@@QEAA@XZ)
main.obj : error LNK2019: unresolved external symbol "public: __cdecl JCEngine::FPSLimiter::FPSLimiter(void)" (??0FPSLimiter@JCEngine@@QEAA@XZ) referenced in function "public: __cdecl MainGame::MainGame(void)" (??0MainGame@@QEAA@XZ)
MainGame.obj : error LNK2019: unresolved external symbol "public: void __cdecl JCEngine::Camera2D::Init(int,int)" (?Init@Camera2D@JCEngine@@QEAAXHH@Z) referenced in function "private: void __cdecl MainGame::init(void)" (?init@MainGame@@AEAAXXZ)
MainGame.obj : error LNK2019: unresolved external symbol "public: void __cdecl JCEngine::Camera2D::Update(void)" (?Update@Camera2D@JCEngine@@QEAAXXZ) referenced in function "public: void __cdecl MainGame::run(void)" (?run@MainGame@@QEAAXXZ)
MainGame.obj : error LNK2019: unresolved external symbol "public: void __cdecl JCEngine::SpriteBatch::init(void)" (?init@SpriteBatch@JCEngine@@QEAAXXZ) referenced in function "private: void __cdecl MainGame::init(void)" (?init@MainGame@@AEAAXXZ)
MainGame.obj : error LNK2019: unresolved external symbol "public: void __cdecl JCEngine::InputManager::update(void)" (?update@InputManager@JCEngine@@QEAAXXZ) referenced in function "private: void __cdecl MainGame::processInput(void)" (?processInput@MainGame@@AEAAXXZ)
MainGame.obj : error LNK2019: unresolved external symbol "public: void __cdecl JCEngine::InputManager::keyPress(unsigned int)" (?keyPress@InputManager@JCEngine@@QEAAXI@Z) referenced in function "private: void __cdecl MainGame::processInput(void)" (?processInput@MainGame@@AEAAXXZ)
MainGame.obj : error LNK2019: unresolved external symbol "public: void __cdecl JCEngine::InputManager::keyRelease(unsigned int)" (?keyRelease@InputManager@JCEngine@@QEAAXI@Z) referenced in function "private: void __cdecl MainGame::processInput(void)" (?processInput@MainGame@@AEAAXXZ)
MainGame.obj : error LNK2019: unresolved external symbol "public: bool __cdecl JCEngine::InputManager::isKeyPressed(unsigned int)" (?isKeyPressed@InputManager@JCEngine@@QEAA_NI@Z) referenced in function "private: void __cdecl MainGame::processInput(void)" (?processInput@MainGame@@AEAAXXZ)
MainGame.obj : error LNK2019: unresolved external symbol "public: void __cdecl JCEngine::InputManager::setMouseCoords(float,float)" (?setMouseCoords@InputManager@JCEngine@@QEAAXMM@Z) referenced in function "private: void __cdecl MainGame::processInput(void)" (?processInput@MainGame@@AEAAXXZ)
MainGame.obj : error LNK2019: unresolved external symbol SDL_PollEvent referenced in function "private: void __cdecl MainGame::processInput(void)" (?processInput@MainGame@@AEAAXXZ)
MainGame.obj : error LNK2019: unresolved external symbol SDL_GetTicks referenced in function "public: void __cdecl MainGame::run(void)" (?run@MainGame@@QEAAXXZ)
MainGame.obj : error LNK2019: unresolved external symbol "public: int __cdecl JCEngine::Window::create(class std::basic_string<char,struct std::char_traits<char>,class std::allocator<char> >,int,int,unsigned int)" (?create@Window@JCEngine@@QEAAHV?$basic_string@DU?$char_traits@D@std@@V?$allocator@D@2@@std@@HHI@Z) referenced in function "private: void __cdecl MainGame::init(void)" (?init@MainGame@@AEAAXXZ)
MainGame.obj : error LNK2019: unresolved external symbol "public: void __cdecl JCEngine::Window::swapBuffer(void)" (?swapBuffer@Window@JCEngine@@QEAAXXZ) referenced in function "private: void __cdecl MainGame::draw(void)" (?draw@MainGame@@AEAAXXZ)
MainGame.obj : error LNK2019: unresolved external symbol "public: __cdecl JCEngine::FPSLimiter::~FPSLimiter(void)" (??1FPSLimiter@JCEngine@@QEAA@XZ) referenced in function "public: __cdecl MainGame::~MainGame(void)" (??1MainGame@@QEAA@XZ)
MainGame.obj : error LNK2019: unresolved external symbol "public: void __cdecl JCEngine::FPSLimiter::start(void)" (?start@FPSLimiter@JCEngine@@QEAAXXZ) referenced in function "public: void __cdecl MainGame::run(void)" (?run@MainGame@@QEAAXXZ)
MainGame.obj : error LNK2019: unresolved external symbol "public: float __cdecl JCEngine::FPSLimiter::stop(void)" (?stop@FPSLimiter@JCEngine@@QEAAMXZ) referenced in function "public: void __cdecl MainGame::run(void)" (?run@MainGame@@QEAAXXZ)
MainGame.obj : error LNK2019: unresolved external symbol "public: void __cdecl JCEngine::FPSLimiter::setMaxFPS(float)" (?setMaxFPS@FPSLimiter@JCEngine@@QEAAXM@Z) referenced in function "private: void __cdecl MainGame::init(void)" (?init@MainGame@@AEAAXXZ)
MainGame.obj : error LNK2019: unresolved external symbol "public: __cdecl JCEngine::SpriteFont::SpriteFont(char const *,int,char,char)" (??0SpriteFont@JCEngine@@QEAA@PEBDHDD@Z) referenced in function "public: __cdecl JCEngine::SpriteFont::SpriteFont(char const *,int)" (??0SpriteFont@JCEngine@@QEAA@PEBDH@Z)
MainGame.obj : error LNK2019: unresolved external symbol "public: void __cdecl JCEngine::SpriteFont::draw(class JCEngine::SpriteBatch &,char const *,struct glm::vec<2,float,0>,struct glm::vec<2,float,0>,float,struct JCEngine::ColorRGBA8,enum JCEngine::Justification)" (?draw@SpriteFont@JCEngine@@QEAAXAEAVSpriteBatch@2@PEBDU?$vec@$01M$0A@@glm@@2MUColorRGBA8@2@W4Justification@2@@Z) referenced in function "private: void __cdecl MainGame::drawHud(void)" (?drawHud@MainGame@@AEAAXXZ)
MainGame.obj : error LNK2019: unresolved external symbol "int __cdecl JCEngine::init(void)" (?init@JCEngine@@YAHXZ) referenced in function "private: void __cdecl MainGame::init(void)" (?init@MainGame@@AEAAXXZ)
MainGame.obj : error LNK2019: unresolved external symbol "public: static struct JCEngine::GLTexture __cdecl JCEngine::ResourceManager::getTexture(class std::basic_string<char,struct std::char_traits<char>,class std::allocator<char> >)" (?getTexture@ResourceManager@JCEngine@@SA?AUGLTexture@2@V?$basic_string@DU?$char_traits@D@std@@V?$allocator@D@2@@std@@@Z) referenced in function "private: void __cdecl MainGame::initBalls(void)" (?initBalls@MainGame@@AEAAXXZ)
MSVCRTD.lib(exe_main.obj) : error LNK2019: unresolved external symbol main referenced in function "int __cdecl invoke_main(void)" (?invoke_main@@YAHXZ)
C:\Code\Zombies\dependencies\lib\debug\SDL2.lib : warning LNK4272: library machine type 'x86' conflicts with target machine type 'x64'
C:\Code\Zombies\dependencies\lib\debug\SDL2main.lib : warning LNK4272: library machine type 'x86' conflicts with target machine type 'x64'
C:\Code\Zombies\dependencies\lib\debug\SDL2test.lib : warning LNK4272: library machine type 'x86' conflicts with target machine type 'x64'
C:\Code\Zombies\dependencies\lib\debug\glew32.lib : warning LNK4272: library machine type 'x86' conflicts with target machine type 'x64'
C:\Code\Zombies\debug\JCEngine.lib : warning LNK4272: library machine type 'x86' conflicts with target machine type 'x64'
C:\Code\Zombies\dependencies\lib\debug\SDL2_ttf.lib : warning LNK4272: library machine type 'x86' conflicts with target machine type 'x64'
C:\Code\Zombies\dependencies\lib\debug\SDL2_mixer.lib : warning LNK4272: library machine type 'x86' conflicts with target machine type 'x64'
C:\Code\Zombies\x64\Debug\BallGame.exe : fatal error LNK1120: 45 unresolved externals
