  Actor.cpp
C:\Code\Zombies\Zombies\Actor.cpp(44,31): warning C4244: 'argument': conversion from 'T' to 'const unsigned int', possible loss of data
          with
          [
              T=float
          ]
C:\Code\Zombies\Zombies\Actor.cpp(44,50): warning C4244: 'argument': conversion from 'T' to 'const unsigned int', possible loss of data
          with
          [
              T=float
          ]
C:\Code\Zombies\Zombies\Actor.cpp(51,31): warning C4244: 'argument': conversion from 'T' to 'const unsigned int', possible loss of data
          with
          [
              T=float
          ]
C:\Code\Zombies\Zombies\Actor.cpp(51,50): warning C4244: 'argument': conversion from 'T' to 'const unsigned int', possible loss of data
          with
          [
              T=float
          ]
C:\Code\Zombies\Zombies\Actor.cpp(58,31): warning C4244: 'argument': conversion from 'T' to 'const unsigned int', possible loss of data
          with
          [
              T=float
          ]
C:\Code\Zombies\Zombies\Actor.cpp(58,50): warning C4244: 'argument': conversion from 'T' to 'const unsigned int', possible loss of data
          with
          [
              T=float
          ]
C:\Code\Zombies\Zombies\Actor.cpp(65,31): warning C4244: 'argument': conversion from 'T' to 'const unsigned int', possible loss of data
          with
          [
              T=float
          ]
C:\Code\Zombies\Zombies\Actor.cpp(65,50): warning C4244: 'argument': conversion from 'T' to 'const unsigned int', possible loss of data
          with
          [
              T=float
          ]
C:\Code\Zombies\Zombies\Actor.cpp(72,20): warning C4018: '<': signed/unsigned mismatch
C:\Code\Zombies\Zombies\Actor.cpp(176,12): warning C4018: '<': signed/unsigned mismatch
C:\Code\Zombies\Zombies\Actor.cpp(209,24): warning C4244: 'argument': conversion from 'time_t' to 'unsigned int', possible loss of data
C:\Code\Zombies\Zombies\Actor.cpp(258,20): warning C4018: '<': signed/unsigned mismatch
C:\Code\Zombies\Zombies\Actor.cpp(280,39): warning C4244: 'argument': conversion from 'time_t' to 'unsigned int', possible loss of data
C:\Code\Zombies\Zombies\Actor.cpp(309,39): warning C4244: 'argument': conversion from 'time_t' to 'unsigned int', possible loss of data
  Bullet.cpp
C:\Code\Zombies\Zombies\Bullet.cpp(42,31): warning C4244: 'argument': conversion from 'T' to 'const unsigned int', possible loss of data
          with
          [
              T=float
          ]
C:\Code\Zombies\Zombies\Bullet.cpp(42,50): warning C4244: 'argument': conversion from 'T' to 'const unsigned int', possible loss of data
          with
          [
              T=float
          ]
C:\Code\Zombies\Zombies\Bullet.cpp(48,31): warning C4244: 'argument': conversion from 'T' to 'const unsigned int', possible loss of data
          with
          [
              T=float
          ]
C:\Code\Zombies\Zombies\Bullet.cpp(48,50): warning C4244: 'argument': conversion from 'T' to 'const unsigned int', possible loss of data
          with
          [
              T=float
          ]
C:\Code\Zombies\Zombies\Bullet.cpp(54,31): warning C4244: 'argument': conversion from 'T' to 'const unsigned int', possible loss of data
          with
          [
              T=float
          ]
C:\Code\Zombies\Zombies\Bullet.cpp(54,50): warning C4244: 'argument': conversion from 'T' to 'const unsigned int', possible loss of data
          with
          [
              T=float
          ]
C:\Code\Zombies\Zombies\Bullet.cpp(60,31): warning C4244: 'argument': conversion from 'T' to 'const unsigned int', possible loss of data
          with
          [
              T=float
          ]
C:\Code\Zombies\Zombies\Bullet.cpp(60,50): warning C4244: 'argument': conversion from 'T' to 'const unsigned int', possible loss of data
          with
          [
              T=float
          ]
C:\Code\Zombies\Zombies\Bullet.cpp(66,20): warning C4018: '<': signed/unsigned mismatch
  Gun.cpp
C:\Code\Zombies\Zombies\Gun.cpp(14,16): warning C4244: '=': conversion from 'int' to 'float', possible loss of data
C:\Code\Zombies\Zombies\Gun.cpp(34,39): warning C4244: 'argument': conversion from 'time_t' to 'unsigned int', possible loss of data
  Level.cpp
C:\Code\Zombies\Zombies\Level.cpp(35,20): warning C4018: '<': signed/unsigned mismatch
C:\Code\Zombies\Zombies\Level.cpp(36,21): warning C4018: '<': signed/unsigned mismatch
  main.cpp
  MainGame.cpp
C:\Code\Zombies\Zombies\MainGame.cpp(66,20): warning C4018: '<': signed/unsigned mismatch
C:\Code\Zombies\Zombies\MainGame.cpp(70,20): warning C4018: '<': signed/unsigned mismatch
C:\Code\Zombies\Zombies\MainGame.cpp(110,32): warning C4244: 'argument': conversion from 'time_t' to 'unsigned int', possible loss of data
C:\Code\Zombies\Zombies\MainGame.cpp(122,20): warning C4018: '<': signed/unsigned mismatch
C:\Code\Zombies\Zombies\MainGame.cpp(149,21): warning C4244: 'initializing': conversion from 'Uint32' to 'float', possible loss of data
C:\Code\Zombies\Zombies\MainGame.cpp(154,18): warning C4244: 'initializing': conversion from 'Uint32' to 'float', possible loss of data
C:\Code\Zombies\Zombies\MainGame.cpp(208,20): warning C4018: '<': signed/unsigned mismatch
C:\Code\Zombies\Zombies\MainGame.cpp(212,20): warning C4018: '<': signed/unsigned mismatch
C:\Code\Zombies\Zombies\MainGame.cpp(213,25): warning C4018: '<': signed/unsigned mismatch
C:\Code\Zombies\Zombies\MainGame.cpp(245,20): warning C4018: '<': signed/unsigned mismatch
C:\Code\Zombies\Zombies\MainGame.cpp(255,21): warning C4018: '<': signed/unsigned mismatch
C:\Code\Zombies\Zombies\MainGame.cpp(303,55): warning C4244: 'argument': conversion from 'Sint32' to 'float', possible loss of data
C:\Code\Zombies\Zombies\MainGame.cpp(303,42): warning C4244: 'argument': conversion from 'Sint32' to 'float', possible loss of data
C:\Code\Zombies\Zombies\MainGame.cpp(387,20): warning C4018: '<': signed/unsigned mismatch
C:\Code\Zombies\Zombies\MainGame.cpp(393,20): warning C4018: '<': signed/unsigned mismatch
C:\Code\Zombies\Zombies\MainGame.cpp(428,37): warning C4244: 'argument': conversion from 'time_t' to 'unsigned int', possible loss of data
C:\Code\Zombies\Zombies\MainGame.cpp(429,71): warning C4305: 'argument': truncation from 'double' to '_Ty'
          with
          [
              _Ty=float
          ]
  Generating Code...
C:\Code\Zombies\Zombies\Bullet.cpp(87): warning C4715: 'Bullet::collideWithTile': not all control paths return a value
JCEngine.lib(AudioEngine.obj) : warning LNK4099: PDB 'JCEngine.pdb' was not found with 'JCEngine.lib(AudioEngine.obj)' or at 'C:\Code\Zombies\Debug\JCEngine.pdb'; linking object as if no debug info
JCEngine.lib(Camera2D.obj) : warning LNK4099: PDB 'JCEngine.pdb' was not found with 'JCEngine.lib(Camera2D.obj)' or at 'C:\Code\Zombies\Debug\JCEngine.pdb'; linking object as if no debug info
JCEngine.lib(GameErrors.obj) : warning LNK4099: PDB 'JCEngine.pdb' was not found with 'JCEngine.lib(GameErrors.obj)' or at 'C:\Code\Zombies\Debug\JCEngine.pdb'; linking object as if no debug info
JCEngine.lib(GLSLProgram.obj) : warning LNK4099: PDB 'JCEngine.pdb' was not found with 'JCEngine.lib(GLSLProgram.obj)' or at 'C:\Code\Zombies\Debug\JCEngine.pdb'; linking object as if no debug info
JCEngine.lib(ImageLoader.obj) : warning LNK4099: PDB 'JCEngine.pdb' was not found with 'JCEngine.lib(ImageLoader.obj)' or at 'C:\Code\Zombies\Debug\JCEngine.pdb'; linking object as if no debug info
JCEngine.lib(InputManager.obj) : warning LNK4099: PDB 'JCEngine.pdb' was not found with 'JCEngine.lib(InputManager.obj)' or at 'C:\Code\Zombies\Debug\JCEngine.pdb'; linking object as if no debug info
JCEngine.lib(IOManager.obj) : warning LNK4099: PDB 'JCEngine.pdb' was not found with 'JCEngine.lib(IOManager.obj)' or at 'C:\Code\Zombies\Debug\JCEngine.pdb'; linking object as if no debug info
JCEngine.lib(JCEngine.obj) : warning LNK4099: PDB 'JCEngine.pdb' was not found with 'JCEngine.lib(JCEngine.obj)' or at 'C:\Code\Zombies\Debug\JCEngine.pdb'; linking object as if no debug info
JCEngine.lib(ParticleBatch2D.obj) : warning LNK4099: PDB 'JCEngine.pdb' was not found with 'JCEngine.lib(ParticleBatch2D.obj)' or at 'C:\Code\Zombies\Debug\JCEngine.pdb'; linking object as if no debug info
JCEngine.lib(ParticleEngine2D.obj) : warning LNK4099: PDB 'JCEngine.pdb' was not found with 'JCEngine.lib(ParticleEngine2D.obj)' or at 'C:\Code\Zombies\Debug\JCEngine.pdb'; linking object as if no debug info
JCEngine.lib(picoPNG.obj) : warning LNK4099: PDB 'JCEngine.pdb' was not found with 'JCEngine.lib(picoPNG.obj)' or at 'C:\Code\Zombies\Debug\JCEngine.pdb'; linking object as if no debug info
JCEngine.lib(ResourceManager.obj) : warning LNK4099: PDB 'JCEngine.pdb' was not found with 'JCEngine.lib(ResourceManager.obj)' or at 'C:\Code\Zombies\Debug\JCEngine.pdb'; linking object as if no debug info
JCEngine.lib(SpriteBatch.obj) : warning LNK4099: PDB 'JCEngine.pdb' was not found with 'JCEngine.lib(SpriteBatch.obj)' or at 'C:\Code\Zombies\Debug\JCEngine.pdb'; linking object as if no debug info
JCEngine.lib(SpriteFont.obj) : warning LNK4099: PDB 'JCEngine.pdb' was not found with 'JCEngine.lib(SpriteFont.obj)' or at 'C:\Code\Zombies\Debug\JCEngine.pdb'; linking object as if no debug info
JCEngine.lib(TextureCache.obj) : warning LNK4099: PDB 'JCEngine.pdb' was not found with 'JCEngine.lib(TextureCache.obj)' or at 'C:\Code\Zombies\Debug\JCEngine.pdb'; linking object as if no debug info
JCEngine.lib(Timing.obj) : warning LNK4099: PDB 'JCEngine.pdb' was not found with 'JCEngine.lib(Timing.obj)' or at 'C:\Code\Zombies\Debug\JCEngine.pdb'; linking object as if no debug info
JCEngine.lib(Window.obj) : warning LNK4099: PDB 'JCEngine.pdb' was not found with 'JCEngine.lib(Window.obj)' or at 'C:\Code\Zombies\Debug\JCEngine.pdb'; linking object as if no debug info
  Zombies.vcxproj -> C:\Code\Zombies\Debug\Zombies.exe
