App.obj : error LNK2001: unresolved external symbol "protected: virtual void __cdecl JCEngine::IMainGame::draw(void)" (?draw@IMainGame@JCEngine@@MEAAXXZ)
App.obj : error LNK2001: unresolved external symbol "protected: virtual void __cdecl JCEngine::IMainGame::update(void)" (?update@IMainGame@JCEngine@@MEAAXXZ)
App.obj : error LNK2001: unresolved external symbol "public: virtual __cdecl JCEngine::IMainGame::~IMainGame(void)" (??1IMainGame@JCEngine@@UEAA@XZ)
App.obj : error LNK2001: unresolved external symbol "public: __cdecl JCEngine::IMainGame::IMainGame(void)" (??0IMainGame@JCEngine@@QEAA@XZ)
App.obj : error LNK2001: unresolved external symbol "public: void __cdecl JCEngine::ScreenList::addScreen(class JCEngine::IGameScreen *)" (?addScreen@ScreenList@JCEngine@@QEAAXPEAVIGameScreen@2@@Z)
App.obj : error LNK2001: unresolved external symbol "public: void __cdecl JCEngine::ScreenList::setScreen(int)" (?setScreen@ScreenList@JCEngine@@QEAAXH@Z)
Box.obj : error LNK2001: unresolved external symbol "public: virtual void __cdecl b2PolygonShape::ComputeMass(struct b2MassData *,float)const " (?ComputeMass@b2PolygonShape@@UEBAXPEAUb2MassData@@M@Z)
Box.obj : error LNK2001: unresolved external symbol "public: virtual void __cdecl b2PolygonShape::ComputeAABB(struct b2AABB *,struct b2Transform const &,int)const " (?ComputeAABB@b2PolygonShape@@UEBAXPEAUb2AABB@@AEBUb2Transform@@H@Z)
Box.obj : error LNK2001: unresolved external symbol "public: virtual bool __cdecl b2PolygonShape::RayCast(struct b2RayCastOutput *,struct b2RayCastInput const &,struct b2Transform const &,int)const " (?RayCast@b2PolygonShape@@UEBA_NPEAUb2RayCastOutput@@AEBUb2RayCastInput@@AEBUb2Transform@@H@Z)
Box.obj : error LNK2001: unresolved external symbol "public: virtual bool __cdecl b2PolygonShape::TestPoint(struct b2Transform const &,struct b2Vec2 const &)const " (?TestPoint@b2PolygonShape@@UEBA_NAEBUb2Transform@@AEBUb2Vec2@@@Z)
Box.obj : error LNK2001: unresolved external symbol "public: void __cdecl b2PolygonShape::SetAsBox(float,float)" (?SetAsBox@b2PolygonShape@@QEAAXMM@Z)
Box.obj : error LNK2001: unresolved external symbol "public: virtual int __cdecl b2PolygonShape::GetChildCount(void)const " (?GetChildCount@b2PolygonShape@@UEBAHXZ)
Box.obj : error LNK2001: unresolved external symbol "public: virtual class b2Shape * __cdecl b2PolygonShape::Clone(class b2BlockAllocator *)const " (?Clone@b2PolygonShape@@UEBAPEAVb2Shape@@PEAVb2BlockAllocator@@@Z)
Box.obj : error LNK2001: unresolved external symbol "public: class b2Fixture * __cdecl b2Body::CreateFixture(struct b2FixtureDef const *)" (?CreateFixture@b2Body@@QEAAPEAVb2Fixture@@PEBUb2FixtureDef@@@Z)
Box.obj : error LNK2001: unresolved external symbol "public: class b2Body * __cdecl b2World::CreateBody(struct b2BodyDef const *)" (?CreateBody@b2World@@QEAAPEAVb2Body@@PEBUb2BodyDef@@@Z)
GameplayScreen.obj : error LNK2001: unresolved external symbol __imp_glClear
GameplayScreen.obj : error LNK2001: unresolved external symbol "public: class b2Fixture * __cdecl b2Body::CreateFixture(class b2Shape const *,float)" (?CreateFixture@b2Body@@QEAAPEAVb2Fixture@@PEBVb2Shape@@M@Z)
GameplayScreen.obj : error LNK2001: unresolved external symbol __imp___glewUniform1i
GameplayScreen.obj : error LNK2001: unresolved external symbol "public: void __cdecl JCEngine::GLSLProgram::unuse(void)" (?unuse@GLSLProgram@JCEngine@@QEAAXXZ)
GameplayScreen.obj : error LNK2001: unresolved external symbol "public: void __cdecl JCEngine::GLSLProgram::use(void)" (?use@GLSLProgram@JCEngine@@QEAAXXZ)
GameplayScreen.obj : error LNK2001: unresolved external symbol "public: unsigned int __cdecl JCEngine::GLSLProgram::getUniformLocation(class std::basic_string<char,struct std::char_traits<char>,class std::allocator<char> > const &)" (?getUniformLocation@GLSLProgram@JCEngine@@QEAAIAEBV?$basic_string@DU?$char_traits@D@std@@V?$allocator@D@2@@std@@@Z)
GameplayScreen.obj : error LNK2001: unresolved external symbol "public: void __cdecl JCEngine::GLSLProgram::addAttribute(class std::basic_string<char,struct std::char_traits<char>,class std::allocator<char> > const &)" (?addAttribute@GLSLProgram@JCEngine@@QEAAXAEBV?$basic_string@DU?$char_traits@D@std@@V?$allocator@D@2@@std@@@Z)
GameplayScreen.obj : error LNK2001: unresolved external symbol "public: void __cdecl JCEngine::GLSLProgram::linkShaders(void)" (?linkShaders@GLSLProgram@JCEngine@@QEAAXXZ)
GameplayScreen.obj : error LNK2001: unresolved external symbol "public: void __cdecl JCEngine::GLSLProgram::compileShaders(class std::basic_string<char,struct std::char_traits<char>,class std::allocator<char> > const &,class std::basic_string<char,struct std::char_traits<char>,class std::allocator<char> > const &)" (?compileShaders@GLSLProgram@JCEngine@@QEAAXAEBV?$basic_string@DU?$char_traits@D@std@@V?$allocator@D@2@@std@@0@Z)
GameplayScreen.obj : error LNK2001: unresolved external symbol "public: __cdecl JCEngine::GLSLProgram::~GLSLProgram(void)" (??1GLSLProgram@JCEngine@@QEAA@XZ)
GameplayScreen.obj : error LNK2001: unresolved external symbol "public: __cdecl JCEngine::GLSLProgram::GLSLProgram(void)" (??0GLSLProgram@JCEngine@@QEAA@XZ)
GameplayScreen.obj : error LNK2001: unresolved external symbol "public: void __cdecl JCEngine::SpriteBatch::renderBatch(void)" (?renderBatch@SpriteBatch@JCEngine@@QEAAXXZ)
GameplayScreen.obj : error LNK2001: unresolved external symbol "public: void __cdecl JCEngine::SpriteBatch::draw(struct glm::vec<4,float,0> const &,struct glm::vec<4,float,0> const &,unsigned int,float,struct JCEngine::ColorRGBA8 const &,float)" (?draw@SpriteBatch@JCEngine@@QEAAXAEBU?$vec@$03M$0A@@glm@@0IMAEBUColorRGBA8@2@M@Z)
GameplayScreen.obj : error LNK2001: unresolved external symbol "public: void __cdecl JCEngine::SpriteBatch::end(void)" (?end@SpriteBatch@JCEngine@@QEAAXXZ)
GameplayScreen.obj : error LNK2001: unresolved external symbol "public: void __cdecl JCEngine::SpriteBatch::begin(enum JCEngine::GlyphSortType)" (?begin@SpriteBatch@JCEngine@@QEAAXW4GlyphSortType@2@@Z)
GameplayScreen.obj : error LNK2001: unresolved external symbol "public: void __cdecl JCEngine::SpriteBatch::init(void)" (?init@SpriteBatch@JCEngine@@QEAAXXZ)
GameplayScreen.obj : error LNK2001: unresolved external symbol "public: __cdecl JCEngine::SpriteBatch::~SpriteBatch(void)" (??1SpriteBatch@JCEngine@@QEAA@XZ)
GameplayScreen.obj : error LNK2001: unresolved external symbol "public: __cdecl JCEngine::SpriteBatch::SpriteBatch(void)" (??0SpriteBatch@JCEngine@@QEAA@XZ)
GameplayScreen.obj : error LNK2001: unresolved external symbol "public: static struct JCEngine::GLTexture __cdecl JCEngine::ResourceManager::getTexture(class std::basic_string<char,struct std::char_traits<char>,class std::allocator<char> >)" (?getTexture@ResourceManager@JCEngine@@SA?AUGLTexture@2@V?$basic_string@DU?$char_traits@D@std@@V?$allocator@D@2@@std@@@Z)
GameplayScreen.obj : error LNK2001: unresolved external symbol "public: void __cdecl JCEngine::IMainGame::onSDLEvent(union SDL_Event &)" (?onSDLEvent@IMainGame@JCEngine@@QEAAXAEATSDL_Event@@@Z)
GameplayScreen.obj : error LNK2001: unresolved external symbol "public: void __cdecl JCEngine::Camera2D::Init(int,int)" (?Init@Camera2D@JCEngine@@QEAAXHH@Z)
GameplayScreen.obj : error LNK2001: unresolved external symbol "public: __cdecl JCEngine::Camera2D::~Camera2D(void)" (??1Camera2D@JCEngine@@QEAA@XZ)
GameplayScreen.obj : error LNK2001: unresolved external symbol "public: __cdecl JCEngine::Camera2D::Camera2D(void)" (??0Camera2D@JCEngine@@QEAA@XZ)
GameplayScreen.obj : error LNK2001: unresolved external symbol "public: __cdecl b2World::b2World(struct b2Vec2 const &)" (??0b2World@@QEAA@AEBUb2Vec2@@@Z)
GameplayScreen.obj : error LNK2001: unresolved external symbol __imp___glewActiveTexture
GameplayScreen.obj : error LNK2001: unresolved external symbol SDL_PollEvent
GameplayScreen.obj : error LNK2001: unresolved external symbol __imp_glClearColor
GameplayScreen.obj : error LNK2001: unresolved external symbol __imp___glewUniformMatrix4fv
NinjaPlatformer.obj : error LNK2001: unresolved external symbol "public: void __cdecl JCEngine::IMainGame::run(void)" (?run@IMainGame@JCEngine@@QEAAXXZ)
MSVCRT.lib(exe_main.obj) : error LNK2001: unresolved external symbol main
C:\Code\Zombies\x64\Release\NinjaPlatformer.exe : fatal error LNK1120: 45 unresolved externals
